#
# There is insufficient memory for the Java Runtime Environment to continue.
# Native memory allocation (mmap) failed to map 100663296 bytes for G1 virtual space
# Possible reasons:
#   The system is out of physical RAM or swap space
#   The process is running with CompressedOops enabled, and the Java Heap may be blocking the growth of the native heap
# Possible solutions:
#   Reduce memory load on the system
#   Increase physical memory or swap space
#   Check if swap backing store is full
#   Decrease Java heap size (-Xmx/-Xms)
#   Decrease number of Java threads
#   Decrease Java thread stack sizes (-Xss)
#   Set larger code cache with -XX:ReservedCodeCacheSize=
#   JVM is running with Unscaled Compressed Oops mode in which the Java heap is
#     placed in the first 4GB address space. The Java Heap base address is the
#     maximum limit for the native heap growth. Please use -XX:HeapBaseMinAddress
#     to set the Java Heap base and to place the Java Heap above 4GB virtual address.
# This output file may be truncated or incomplete.
#
#  Out of Memory Error (os_windows.cpp:3548), pid=26796, tid=10912
#
# JRE version:  (17.0.11+7) (build )
# Java VM: Java HotSpot(TM) 64-Bit Server VM (17.0.11+7-LTS-207, mixed mode, sharing, tiered, compressed oops, compressed class ptrs, g1 gc, windows-amd64)
# No core dump will be written. Minidumps are not enabled by default on client versions of Windows
#

---------------  S U M M A R Y ------------

Command Line: C:\Users\adity\AppData\Local\Temp\surefire2124346607120042475\surefirebooter-20250417222656876_3.jar C:\Users\adity\AppData\Local\Temp\surefire2124346607120042475 2025-04-17T22-26-56_453-jvmRun1 surefire-20250417222656876_1tmp surefire_0-20250417222656876_2tmp

Host: AMD Ryzen 5 3500U with Radeon Vega Mobile Gfx  , 8 cores, 5G,  Windows 11 , 64 bit Build 26100 (10.0.26100.3775)
Time: Thu Apr 17 22:26:57 2025 India Standard Time elapsed time: 0.033350 seconds (0d 0h 0m 0s)

---------------  T H R E A D  ---------------

Current thread (0x000001f5dc6bd030):  JavaThread "Unknown thread" [_thread_in_vm, id=10912, stack(0x000000a91ec00000,0x000000a91ed00000)]

Stack: [0x000000a91ec00000,0x000000a91ed00000]
Native frames: (J=compiled Java code, j=interpreted, Vv=VM code, C=native code)
V  [jvm.dll+0x679cca]
V  [jvm.dll+0x7da13d]
V  [jvm.dll+0x7dba83]
V  [jvm.dll+0x7dc0f3]
V  [jvm.dll+0x2449af]
V  [jvm.dll+0x676ce9]
V  [jvm.dll+0x66b852]
V  [jvm.dll+0x3018d6]
V  [jvm.dll+0x308e76]
V  [jvm.dll+0x3596ee]
V  [jvm.dll+0x35991f]
V  [jvm.dll+0x2d89a8]
V  [jvm.dll+0x2d9914]
V  [jvm.dll+0x7ac6b1]
V  [jvm.dll+0x366f61]
V  [jvm.dll+0x78b609]
V  [jvm.dll+0x3ec22f]
V  [jvm.dll+0x3ede61]
C  [jli.dll+0x5297]
C  [ucrtbase.dll+0x37b0]
C  [KERNEL32.DLL+0x2e8d7]
C  [ntdll.dll+0xb14fc]


---------------  P R O C E S S  ---------------

Threads class SMR info:
_java_thread_list=0x00007ffa0c167a18, length=0, elements={
}

Java Threads: ( => current thread )

Other Threads:
  0x000001f5dc70a2e0 GCTaskThread "GC Thread#0" [stack: 0x000000a91ed00000,0x000000a91ee00000] [id=22484]
  0x000001f5dc718da0 ConcurrentGCThread "G1 Main Marker" [stack: 0x000000a91ee00000,0x000000a91ef00000] [id=632]
  0x000001f5dc7196c0 ConcurrentGCThread "G1 Conc#0" [stack: 0x000000a91ef00000,0x000000a91f000000] [id=8824]

[error occurred during error reporting (printing all threads), id 0xc0000005, EXCEPTION_ACCESS_VIOLATION (0xc0000005) at pc=0x00007ffa0b999497]

VM state: not at safepoint (not fully initialized)

VM Mutex/Monitor currently owned by a thread:  ([mutex/lock_event])
[0x000001f5dc6bb610] Heap_lock - owner thread: 0x000001f5dc6bd030

Heap address: 0x00000000a1e00000, size: 1506 MB, Compressed Oops mode: 32-bit

CDS archive(s) mapped at: [0x0000000000000000-0x0000000000000000-0x0000000000000000), size 0, SharedBaseAddress: 0x0000000800000000, ArchiveRelocationMode: 1.
Narrow klass base: 0x0000000000000000, Narrow klass shift: 0, Narrow klass range: 0x0

GC Precious Log:
<Empty>

Heap:
 garbage-first heap   total 0K, used 0K [0x00000000a1e00000, 0x0000000100000000)
  region size 1024K, 0 young (0K), 0 survivors (0K)

[error occurred during error reporting (printing heap information), id 0xc0000005, EXCEPTION_ACCESS_VIOLATION (0xc0000005) at pc=0x00007ffa0bd83559]

GC Heap History (0 events):
No events

Deoptimization events (0 events):
No events

Classes unloaded (0 events):
No events

Classes redefined (0 events):
No events

Internal exceptions (0 events):
No events

VM Operations (0 events):
No events

Events (1 events):
Event: 0.021 Loaded shared library C:\Program Files\Java\jdk-17\bin\java.dll


Dynamic libraries:
0x00007ff798410000 - 0x00007ff798420000 	C:\Program Files\Java\jdk-17\bin\java.exe
0x00007ffa916c0000 - 0x00007ffa91920000 	C:\WINDOWS\SYSTEM32\ntdll.dll
0x00007ffa90bc0000 - 0x00007ffa90c87000 	C:\WINDOWS\System32\KERNEL32.DLL
0x00007ffa8ed90000 - 0x00007ffa8f15a000 	C:\WINDOWS\System32\KERNELBASE.dll
0x00007ffa8f370000 - 0x00007ffa8f4bb000 	C:\WINDOWS\System32\ucrtbase.dll
0x00007ffa80370000 - 0x00007ffa8038b000 	C:\Program Files\Java\jdk-17\bin\VCRUNTIME140.dll
0x00007ffa7e9f0000 - 0x00007ffa7ea09000 	C:\Program Files\Java\jdk-17\bin\jli.dll
0x00007ffa915c0000 - 0x00007ffa91672000 	C:\WINDOWS\System32\ADVAPI32.dll
0x00007ffa903e0000 - 0x00007ffa90489000 	C:\WINDOWS\System32\msvcrt.dll
0x00007ffa90930000 - 0x00007ffa909d6000 	C:\WINDOWS\System32\sechost.dll
0x00007ffa910a0000 - 0x00007ffa911b6000 	C:\WINDOWS\System32\RPCRT4.dll
0x00007ffa90210000 - 0x00007ffa903dc000 	C:\WINDOWS\System32\USER32.dll
0x00007ffa8ec20000 - 0x00007ffa8ec47000 	C:\WINDOWS\System32\win32u.dll
0x00007ffa79720000 - 0x00007ffa799b7000 	C:\WINDOWS\WinSxS\amd64_microsoft.windows.common-controls_6595b64144ccf1df_6.0.26100.3624_none_3e086962e3345f24\COMCTL32.dll
0x00007ffa90ae0000 - 0x00007ffa90b0a000 	C:\WINDOWS\System32\GDI32.dll
0x00007ffa8ec50000 - 0x00007ffa8ed81000 	C:\WINDOWS\System32\gdi32full.dll
0x00007ffa8eb70000 - 0x00007ffa8ec13000 	C:\WINDOWS\System32\msvcp_win.dll
0x00007ffa873f0000 - 0x00007ffa873fb000 	C:\WINDOWS\SYSTEM32\VERSION.dll
0x00007ffa914a0000 - 0x00007ffa914cf000 	C:\WINDOWS\System32\IMM32.DLL
0x00007ffa87a50000 - 0x00007ffa87a5c000 	C:\Program Files\Java\jdk-17\bin\vcruntime140_1.dll
0x00007ffa6ce20000 - 0x00007ffa6ceae000 	C:\Program Files\Java\jdk-17\bin\msvcp140.dll
0x00007ffa0b6b0000 - 0x00007ffa0c290000 	C:\Program Files\Java\jdk-17\bin\server\jvm.dll
0x00007ffa90920000 - 0x00007ffa90928000 	C:\WINDOWS\System32\PSAPI.DLL
0x00007ffa873b0000 - 0x00007ffa873e6000 	C:\WINDOWS\SYSTEM32\WINMM.dll
0x00007ffa7ef20000 - 0x00007ffa7ef2a000 	C:\WINDOWS\SYSTEM32\WSOCK32.dll
0x00007ffa91420000 - 0x00007ffa91494000 	C:\WINDOWS\System32\WS2_32.dll
0x00007ffa8d6b0000 - 0x00007ffa8d6ca000 	C:\WINDOWS\SYSTEM32\kernel.appcore.dll
0x00007ffa804d0000 - 0x00007ffa804da000 	C:\Program Files\Java\jdk-17\bin\jimage.dll
0x00007ffa83530000 - 0x00007ffa83771000 	C:\WINDOWS\SYSTEM32\DBGHELP.DLL
0x00007ffa90c90000 - 0x00007ffa91012000 	C:\WINDOWS\System32\combase.dll
0x00007ffa90090000 - 0x00007ffa90166000 	C:\WINDOWS\System32\OLEAUT32.dll
0x00007ffa786c0000 - 0x00007ffa786f9000 	C:\WINDOWS\SYSTEM32\dbgcore.DLL
0x00007ffa8f160000 - 0x00007ffa8f1f9000 	C:\WINDOWS\System32\bcryptPrimitives.dll
0x00007ffa70b70000 - 0x00007ffa70b95000 	C:\Program Files\Java\jdk-17\bin\java.dll

dbghelp: loaded successfully - version: 4.0.5 - missing functions: none
symbol engine: initialized successfully - sym options: 0x614 - pdb path: .;C:\Program Files\Java\jdk-17\bin;C:\WINDOWS\SYSTEM32;C:\WINDOWS\WinSxS\amd64_microsoft.windows.common-controls_6595b64144ccf1df_6.0.26100.3624_none_3e086962e3345f24;C:\Program Files\Java\jdk-17\bin\server

VM Arguments:
java_command: C:\Users\adity\AppData\Local\Temp\surefire2124346607120042475\surefirebooter-20250417222656876_3.jar C:\Users\adity\AppData\Local\Temp\surefire2124346607120042475 2025-04-17T22-26-56_453-jvmRun1 surefire-20250417222656876_1tmp surefire_0-20250417222656876_2tmp
java_class_path (initial): C:\Users\adity\AppData\Local\Temp\surefire2124346607120042475\surefirebooter-20250417222656876_3.jar
Launcher Type: SUN_STANDARD

[Global flags]
     intx CICompilerCount                          = 4                                         {product} {ergonomic}
     uint ConcGCThreads                            = 2                                         {product} {ergonomic}
     uint G1ConcRefinementThreads                  = 8                                         {product} {ergonomic}
   size_t G1HeapRegionSize                         = 1048576                                   {product} {ergonomic}
    uintx GCDrainStackTargetSize                   = 64                                        {product} {ergonomic}
   size_t InitialHeapSize                          = 100663296                                 {product} {ergonomic}
   size_t MarkStackSize                            = 4194304                                   {product} {ergonomic}
   size_t MaxHeapSize                              = 1579155456                                {product} {ergonomic}
   size_t MinHeapDeltaBytes                        = 1048576                                   {product} {ergonomic}
   size_t MinHeapSize                              = 8388608                                   {product} {ergonomic}
    uintx NonNMethodCodeHeapSize                   = 5839372                                {pd product} {ergonomic}
    uintx NonProfiledCodeHeapSize                  = 122909434                              {pd product} {ergonomic}
    uintx ProfiledCodeHeapSize                     = 122909434                              {pd product} {ergonomic}
    uintx ReservedCodeCacheSize                    = 251658240                              {pd product} {ergonomic}
     bool SegmentedCodeCache                       = true                                      {product} {ergonomic}
   size_t SoftMaxHeapSize                          = 1579155456                             {manageable} {ergonomic}
     bool UseCompressedClassPointers               = true                           {product lp64_product} {ergonomic}
     bool UseCompressedOops                        = true                           {product lp64_product} {ergonomic}
     bool UseG1GC                                  = true                                      {product} {ergonomic}
     bool UseLargePagesIndividualAllocation        = false                                  {pd product} {ergonomic}

Logging:
Log output configuration:
 #0: stdout all=warning uptime,level,tags
 #1: stderr all=off uptime,level,tags

Environment Variables:
JAVA_HOME=C:\Program Files\Java\jdk-17
PATH=C:\Program Files\Python312\Scripts\;C:\Program Files\Python312\;C:\WINDOWS\system32;C:\WINDOWS;C:\WINDOWS\System32\Wbem;C:\WINDOWS\System32\WindowsPowerShell\v1.0\;C:\WINDOWS\System32\OpenSSH\;C:\Program Files\Git\cmd;C:\Users\adity\Downloads\apache-maven-3.9.6-bin\apache-maven-3.9.6\bin;C:\MinGW\bin;C:\Program Files\Java\jdk-17\bin;C:\Program Files\Docker\Docker\resources\bin;C:\Users\adity\Downloads\apache-maven-3.9.6-bin (1)\apache-maven-3.9.6\bin;C:\Program Files\nodejs\;C:\ffmpeg\ffmpeg-2024-08-18-git-7e5410eadb-full_build\bin;C:\Program Files\MongoDB\Server\8.0\bin;C:\Users\adity\.cargo\bin;C:\Program Files\MySQL\MySQL Shell 8.0\bin\;C:\Users\adity\AppData\Local\Microsoft\WindowsApps;C:\Program Files\JetBrains\IntelliJ IDEA Community Edition 2024.1\bin;C:\Users\adity\AppData\Local\Programs\Microsoft VS Code\bin;C:\MinGW\bin;C:\Users\adity\AppData\Roaming\npm;C:\Users\adity\AppData\Local\Microsoft\WindowsApps;C:\Program Files\mongosh\;
USERNAME=adity
OS=Windows_NT
PROCESSOR_IDENTIFIER=AMD64 Family 23 Model 24 Stepping 1, AuthenticAMD



---------------  S Y S T E M  ---------------

OS:
 Windows 11 , 64 bit Build 26100 (10.0.26100.3775)
OS uptime: 5 days 23:31 hours
Hyper-V role detected

CPU: total 8 (initial active 8) (8 cores per cpu, 2 threads per core) family 23 model 24 stepping 1 microcode 0x8108109, cx8, cmov, fxsr, ht, mmx, 3dnowpref, sse, sse2, sse3, ssse3, sse4a, sse4.1, sse4.2, popcnt, lzcnt, tsc, tscinvbit, avx, avx2, aes, clmul, bmi1, bmi2, adx, sha, fma, vzeroupper, clflush, clflushopt, hv

Memory: 4k page, system-wide physical 6020M (571M free)
TotalPageFile size 24447M (AvailPageFile size 63M)
current process WorkingSet (physical memory assigned to process): 12M, peak: 12M
current process commit charge ("private bytes"): 60M, peak: 156M

vm_info: Java HotSpot(TM) 64-Bit Server VM (17.0.11+7-LTS-207) for windows-amd64 JRE (17.0.11+7-LTS-207), built on Mar 11 2024 19:01:50 by "mach5one" with MS VC++ 17.6 (VS2022)

END.
